[
  {
    "timestamp": "2025-04-14T09:53:14.246054",
    "query": "cosmin",
    "results_count": 1,
    "content_filters": [],
    "searched_paths": [
      "D:\\SoftwareDesign_Iteartion1_LocalFileSeachSystem\\src\\app\\be_django\\be_django\\searchingDir1"
    ],
    "invalid_paths": []
  },
  {
    "timestamp": "2025-04-14T09:53:18.665012",
    "query": "cos",
    "results_count": 0,
    "content_filters": [],
    "searched_paths": [
      "D:\\SoftwareDesign_Iteartion1_LocalFileSeachSystem\\src\\app\\be_django\\be_django\\searchingDir1"
    ],
    "invalid_paths": []
  },
  {
    "timestamp": "2025-04-14T09:53:29.529543",
    "query": "cosmin",
    "results_count": 1,
    "content_filters": [],
    "searched_paths": [
      "D:\\SoftwareDesign_Iteartion1_LocalFileSeachSystem\\src\\app\\be_django\\be_django\\searchingDir1"
    ],
    "invalid_paths": []
  },
  {
    "timestamp": "2025-04-14T09:53:36.956706",
    "query": "path:D:\\SoftwareDesign_Iteartion1_LocalFileSeachSystem\\src\\app\\be_django\\be_django\\searchingDir1",
    "results_count": 8,
    "content_filters": [],
    "searched_paths": [
      "D:\\SoftwareDesign_Iteartion1_LocalFileSeachSystem\\src\\app\\be_django\\be_django\\searchingDir1"
    ],
    "invalid_paths": []
  },
  {
    "timestamp": "2025-04-14T09:53:43.616980",
    "query": "path:D:\\SoftwareDesign_Iteartion1_LocalFileSeachSystem\\src\\app\\be_django\\be_django\\searchingDir1 path:D:\\SoftwareDesign_Iteartion1_LocalFileSeachSystem\\src\\app\\be_django\\be_django\\searchingDir2",
    "results_count": 15,
    "content_filters": [],
    "searched_paths": [
      "D:\\SoftwareDesign_Iteartion1_LocalFileSeachSystem\\src\\app\\be_django\\be_django\\searchingDir1",
      "D:\\SoftwareDesign_Iteartion1_LocalFileSeachSystem\\src\\app\\be_django\\be_django\\searchingDir2"
    ],
    "invalid_paths": []
  },
  {
    "timestamp": "2025-04-14T10:21:16.461021",
    "query": "cosmin",
    "results_count": 1,
    "content_filters": [],
    "searched_paths": [
      "D:\\SoftwareDesign_Iteartion1_LocalFileSeachSystem\\src\\app\\be_django\\be_django\\searchingDir1"
    ],
    "invalid_paths": []
  },
  {
    "timestamp": "2025-04-14T10:21:29.898355",
    "query": "cos",
    "results_count": 0,
    "content_filters": [],
    "searched_paths": [
      "D:\\SoftwareDesign_Iteartion1_LocalFileSeachSystem\\src\\app\\be_django\\be_django\\searchingDir1"
    ],
    "invalid_paths": []
  },
  {
    "timestamp": "2025-04-14T10:21:43.207727",
    "query": "cosmin",
    "results_count": 1,
    "content_filters": [],
    "searched_paths": [
      "D:\\SoftwareDesign_Iteartion1_LocalFileSeachSystem\\src\\app\\be_django\\be_django\\searchingDir1"
    ],
    "invalid_paths": []
  },
  {
    "timestamp": "2025-04-14T10:21:50.141357",
    "query": "path:D:\\SoftwareDesign_Iteartion1_LocalFileSeachSystem\\src\\app\\be_django\\be_django\\searchingDir1",
    "results_count": 8,
    "content_filters": [],
    "searched_paths": [
      "D:\\SoftwareDesign_Iteartion1_LocalFileSeachSystem\\src\\app\\be_django\\be_django\\searchingDir1"
    ],
    "invalid_paths": []
  },
  {
    "timestamp": "2025-04-14T10:21:52.466923",
    "query": "path: D:\\SoftwareDesign_Iteartion1_LocalFileSeachSystem\\src\\app\\be_django\\be_django\\searchingDir1",
    "results_count": 0,
    "content_filters": [],
    "searched_paths": [
      "D:\\SoftwareDesign_Iteartion1_LocalFileSeachSystem\\src\\app\\be_django\\be_django\\searchingDir1"
    ],
    "invalid_paths": []
  },
  {
    "timestamp": "2025-04-14T10:21:55.171485",
    "query": "path:D:\\SoftwareDesign_Iteartion1_LocalFileSeachSystem\\src\\app\\be_django\\be_django\\searchingDir1",
    "results_count": 8,
    "content_filters": [],
    "searched_paths": [
      "D:\\SoftwareDesign_Iteartion1_LocalFileSeachSystem\\src\\app\\be_django\\be_django\\searchingDir1"
    ],
    "invalid_paths": []
  },
  {
    "timestamp": "2025-04-14T10:23:47.983413",
    "query": "path:D:\\SoftwareDesign_Iteartion1_LocalFileSeachSystem\\src\\app\\be_django\\be_django\\searchingDir1 content: road",
    "results_count": 2,
    "content_filters": [
      "road"
    ],
    "searched_paths": [
      "D:\\SoftwareDesign_Iteartion1_LocalFileSeachSystem\\src\\app\\be_django\\be_django\\searchingDir1"
    ],
    "invalid_paths": []
  },
  {
    "timestamp": "2025-04-14T10:23:53.590230",
    "query": "path:D:\\SoftwareDesign_Iteartion1_LocalFileSeachSystem\\src\\app\\be_django\\be_django\\searchingDir1 content:road",
    "results_count": 2,
    "content_filters": [
      "road"
    ],
    "searched_paths": [
      "D:\\SoftwareDesign_Iteartion1_LocalFileSeachSystem\\src\\app\\be_django\\be_django\\searchingDir1"
    ],
    "invalid_paths": []
  },
  {
    "timestamp": "2025-04-14T10:23:54.947367",
    "query": "path:D:\\SoftwareDesign_Iteartion1_LocalFileSeachSystem\\src\\app\\be_django\\be_django\\searchingDir1 content:road",
    "results_count": 2,
    "content_filters": [
      "road"
    ],
    "searched_paths": [
      "D:\\SoftwareDesign_Iteartion1_LocalFileSeachSystem\\src\\app\\be_django\\be_django\\searchingDir1"
    ],
    "invalid_paths": []
  },
  {
    "timestamp": "2025-04-14T10:23:55.177110",
    "query": "path:D:\\SoftwareDesign_Iteartion1_LocalFileSeachSystem\\src\\app\\be_django\\be_django\\searchingDir1 content:road",
    "results_count": 2,
    "content_filters": [
      "road"
    ],
    "searched_paths": [
      "D:\\SoftwareDesign_Iteartion1_LocalFileSeachSystem\\src\\app\\be_django\\be_django\\searchingDir1"
    ],
    "invalid_paths": []
  },
  {
    "timestamp": "2025-04-14T10:24:02.101431",
    "query": "path:D:\\SoftwareDesign_Iteartion1_LocalFileSeachSystem\\src\\app\\be_django\\be_django\\searchingDir1 content:road content:taken",
    "results_count": 2,
    "content_filters": [
      "road",
      "taken"
    ],
    "searched_paths": [
      "D:\\SoftwareDesign_Iteartion1_LocalFileSeachSystem\\src\\app\\be_django\\be_django\\searchingDir1"
    ],
    "invalid_paths": []
  },
  {
    "timestamp": "2025-04-14T10:24:26.098210",
    "query": "cosmin",
    "results_count": 1,
    "content_filters": [],
    "searched_paths": [
      "D:\\SoftwareDesign_Iteartion1_LocalFileSeachSystem\\src\\app\\be_django\\be_django\\searchingDir1"
    ],
    "invalid_paths": []
  },
  {
    "timestamp": "2025-04-14T10:35:47.699977",
    "query": "cosmin",
    "results_count": 1,
    "content_filters": [],
    "searched_paths": [
      "D:\\SoftwareDesign_Iteartion1_LocalFileSeachSystem\\src\\app\\be_django\\be_django\\searchingDir1"
    ],
    "invalid_paths": []
  },
  {
    "timestamp": "2025-04-14T10:35:55.575366",
    "query": "path:D:\\SoftwareDesign_Iteartion1_LocalFileSeachSystem\\src\\app\\be_django\\be_django\\searchingDir1",
    "results_count": 8,
    "content_filters": [],
    "searched_paths": [
      "D:\\SoftwareDesign_Iteartion1_LocalFileSeachSystem\\src\\app\\be_django\\be_django\\searchingDir1"
    ],
    "invalid_paths": []
  },
  {
    "timestamp": "2025-04-14T10:36:00.253131",
    "query": "path:D:\\SoftwareDesign_Iteartion1_LocalFileSeachSystem\\src\\app\\be_django\\be_django\\searchingDir1 path:D:\\SoftwareDesign_Iteartion1_LocalFileSeachSystem\\src\\app\\be_django\\be_django\\searchingDir2",
    "results_count": 15,
    "content_filters": [],
    "searched_paths": [
      "D:\\SoftwareDesign_Iteartion1_LocalFileSeachSystem\\src\\app\\be_django\\be_django\\searchingDir1",
      "D:\\SoftwareDesign_Iteartion1_LocalFileSeachSystem\\src\\app\\be_django\\be_django\\searchingDir2"
    ],
    "invalid_paths": []
  },
  {
    "timestamp": "2025-04-14T10:36:16.447479",
    "query": "path:D:\\SoftwareDesign_Iteartion1_LocalFileSeachSystem\\src\\app\\be_django\\be_django\\searchingDir1 path:D:\\SoftwareDesign_Iteartion1_LocalFileSeachSystem\\src\\app\\be_django\\be_django\\searchingDir2 content:road",
    "results_count": 3,
    "content_filters": [
      "road"
    ],
    "searched_paths": [
      "D:\\SoftwareDesign_Iteartion1_LocalFileSeachSystem\\src\\app\\be_django\\be_django\\searchingDir1",
      "D:\\SoftwareDesign_Iteartion1_LocalFileSeachSystem\\src\\app\\be_django\\be_django\\searchingDir2"
    ],
    "invalid_paths": []
  },
  {
    "timestamp": "2025-04-14T17:41:42.911179",
    "query": "road",
    "results_count": 2,
    "content_filters": [],
    "searched_paths": [
      "D:\\SoftwareDesign_Iteartion1_LocalFileSeachSystem\\src\\app\\be_django\\be_django\\searchingDir1"
    ],
    "invalid_paths": []
  },
  {
    "timestamp": "2025-04-14T17:42:01.300492",
    "query": "roadd",
    "results_count": 0,
    "content_filters": [],
    "searched_paths": [
      "D:\\SoftwareDesign_Iteartion1_LocalFileSeachSystem\\src\\app\\be_django\\be_django\\searchingDir1"
    ],
    "invalid_paths": []
  },
  {
    "timestamp": "2025-04-14T18:00:52.315251",
    "query": "cosmin",
    "results_count": 1,
    "content_filters": [],
    "searched_paths": [
      "D:\\SoftwareDesign_Iteartion1_LocalFileSeachSystem\\src\\app\\be_django\\be_django\\searchingDir1"
    ],
    "invalid_paths": []
  },
  {
    "timestamp": "2025-04-14T18:01:20.583668",
    "query": "path:D:\\SoftwareDesign_Iteartion1_LocalFileSeachSystem\\src\\app\\be_django\\be_django\\searchingDir1 path:D:\\SoftwareDesign_Iteartion1_LocalFileSeachSystem\\src\\app\\be_django\\be_django\\searchingDir2",
    "results_count": 15,
    "content_filters": [],
    "searched_paths": [
      "D:\\SoftwareDesign_Iteartion1_LocalFileSeachSystem\\src\\app\\be_django\\be_django\\searchingDir1",
      "D:\\SoftwareDesign_Iteartion1_LocalFileSeachSystem\\src\\app\\be_django\\be_django\\searchingDir2"
    ],
    "invalid_paths": []
  },
  {
    "timestamp": "2025-04-14T18:01:34.264743",
    "query": "path:D:\\SoftwareDesign_Iteartion1_LocalFileSeachSystem\\src\\app\\be_django\\be_django\\searchingDir1 path:D:\\SoftwareDesign_Iteartion1_LocalFileSeachSystem\\src\\app\\be_django\\be_django\\searchingDir2 content:road",
    "results_count": 3,
    "content_filters": [
      "road"
    ],
    "searched_paths": [
      "D:\\SoftwareDesign_Iteartion1_LocalFileSeachSystem\\src\\app\\be_django\\be_django\\searchingDir1",
      "D:\\SoftwareDesign_Iteartion1_LocalFileSeachSystem\\src\\app\\be_django\\be_django\\searchingDir2"
    ],
    "invalid_paths": []
  },
  {
    "timestamp": "2025-04-14T18:01:57.002779",
    "query": "path:D:\\SoftwareDesign_Iteartion1_LocalFileSeachSystem\\src\\app\\be_django\\be_django\\searchingDir1 path:D:\\SoftwareDesign_Iteartion1_LocalFileSeachSystem\\src\\app\\be_django\\be_django\\searchingDir2 content:road content:morning",
    "results_count": 1,
    "content_filters": [
      "road",
      "morning"
    ],
    "searched_paths": [
      "D:\\SoftwareDesign_Iteartion1_LocalFileSeachSystem\\src\\app\\be_django\\be_django\\searchingDir1",
      "D:\\SoftwareDesign_Iteartion1_LocalFileSeachSystem\\src\\app\\be_django\\be_django\\searchingDir2"
    ],
    "invalid_paths": []
  },
  {
    "timestamp": "2025-05-20T16:27:46.756235",
    "query": "calculator",
    "results_count": 0,
    "content_filters": [],
    "searched_paths": [
      "D:\\SoftwareDesign_Iteartion1_LocalFileSeachSystem\\src\\app\\be_django\\be_django\\searchingDir1"
    ],
    "invalid_paths": []
  },
  {
    "timestamp": "2025-05-20T16:28:02.002293",
    "query": "cosmin",
    "results_count": 1,
    "content_filters": [],
    "searched_paths": [
      "D:\\SoftwareDesign_Iteartion1_LocalFileSeachSystem\\src\\app\\be_django\\be_django\\searchingDir1"
    ],
    "invalid_paths": []
  },
  {
    "timestamp": "2025-05-20T16:32:41.232030",
    "query": "calculator",
    "results_count": 0,
    "content_filters": [],
    "searched_paths": [
      "D:\\SoftwareDesign_Iteartion1_LocalFileSeachSystem\\src\\app\\be_django\\be_django\\searchingDir1"
    ],
    "invalid_paths": []
  },
  {
    "timestamp": "2025-05-20T16:36:17.283435",
    "query": "calculator",
    "results_count": 0,
    "content_filters": [],
    "searched_paths": [
      "D:\\SoftwareDesign_Iteartion1_LocalFileSeachSystem\\src\\app\\be_django\\be_django\\searchingDir1"
    ],
    "invalid_paths": []
  },
  {
    "timestamp": "2025-05-20T16:37:25.853959",
    "query": "calculator",
    "results_count": 0,
    "content_filters": [],
    "searched_paths": [
      "D:\\SoftwareDesign_Iteartion1_LocalFileSeachSystem\\src\\app\\be_django\\be_django\\searchingDir1"
    ],
    "invalid_paths": []
  },
  {
    "timestamp": "2025-05-20T16:37:34.567472",
    "query": "calculator",
    "results_count": 0,
    "content_filters": [],
    "searched_paths": [
      "D:\\SoftwareDesign_Iteartion1_LocalFileSeachSystem\\src\\app\\be_django\\be_django\\searchingDir1"
    ],
    "invalid_paths": []
  },
  {
    "timestamp": "2025-05-20T16:43:24.157281",
    "query": "calculator",
    "results_count": 0,
    "content_filters": [],
    "searched_paths": [
      "D:\\SoftwareDesign_Iteartion1_LocalFileSeachSystem\\src\\app\\be_django\\be_django\\searchingDir1"
    ],
    "invalid_paths": []
  },
  {
    "timestamp": "2025-05-20T16:47:26.118355",
    "query": "calculator",
    "results_count": 0,
    "content_filters": [],
    "searched_paths": [
      "D:\\SoftwareDesign_Iteartion1_LocalFileSeachSystem\\src\\app\\be_django\\be_django\\searchingDir1"
    ],
    "invalid_paths": []
  },
  {
    "timestamp": "2025-05-20T16:47:45.142707",
    "query": "calculator",
    "results_count": 0,
    "content_filters": [],
    "searched_paths": [
      "D:\\SoftwareDesign_Iteartion1_LocalFileSeachSystem\\src\\app\\be_django\\be_django\\searchingDir1"
    ],
    "invalid_paths": []
  },
  {
    "timestamp": "2025-05-20T16:49:47.831341",
    "query": "calculator",
    "results_count": 0,
    "content_filters": [],
    "searched_paths": [
      "D:\\SoftwareDesign_Iteartion1_LocalFileSeachSystem\\src\\app\\be_django\\be_django\\searchingDir1"
    ],
    "invalid_paths": []
  },
  {
    "timestamp": "2025-05-20T17:51:54.137560",
    "query": "calculator",
    "results_count": 0,
    "content_filters": [],
    "searched_paths": [
      "D:\\SoftwareDesign_Iteartion1_LocalFileSeachSystem\\src\\app\\be_django\\be_django\\searchingDir1"
    ],
    "invalid_paths": []
  },
  {
    "timestamp": "2025-05-20T17:53:28.847784",
    "query": "calculator",
    "results_count": 0,
    "content_filters": [],
    "searched_paths": [
      "D:\\SoftwareDesign_Iteartion1_LocalFileSeachSystem\\src\\app\\be_django\\be_django\\searchingDir1"
    ],
    "invalid_paths": []
  },
  {
    "timestamp": "2025-05-20T17:53:29.828979",
    "query": "calculator",
    "results_count": 0,
    "content_filters": [],
    "searched_paths": [
      "D:\\SoftwareDesign_Iteartion1_LocalFileSeachSystem\\src\\app\\be_django\\be_django\\searchingDir1"
    ],
    "invalid_paths": []
  },
  {
    "timestamp": "2025-05-20T17:53:30.034495",
    "query": "calculator",
    "results_count": 0,
    "content_filters": [],
    "searched_paths": [
      "D:\\SoftwareDesign_Iteartion1_LocalFileSeachSystem\\src\\app\\be_django\\be_django\\searchingDir1"
    ],
    "invalid_paths": []
  },
  {
    "timestamp": "2025-05-20T17:53:30.185913",
    "query": "calculator",
    "results_count": 0,
    "content_filters": [],
    "searched_paths": [
      "D:\\SoftwareDesign_Iteartion1_LocalFileSeachSystem\\src\\app\\be_django\\be_django\\searchingDir1"
    ],
    "invalid_paths": []
  },
  {
    "timestamp": "2025-05-20T17:53:36.709341",
    "query": "calculator",
    "results_count": 0,
    "content_filters": [],
    "searched_paths": [
      "D:\\SoftwareDesign_Iteartion1_LocalFileSeachSystem\\src\\app\\be_django\\be_django\\searchingDir1"
    ],
    "invalid_paths": []
  },
  {
    "timestamp": "2025-05-20T17:53:50.380704",
    "query": "calculator",
    "results_count": 0,
    "content_filters": [],
    "searched_paths": [
      "D:\\SoftwareDesign_Iteartion1_LocalFileSeachSystem\\src\\app\\be_django\\be_django\\searchingDir1"
    ],
    "invalid_paths": []
  },
  {
    "timestamp": "2025-05-20T17:55:39.604072",
    "query": "calculator",
    "results_count": 0,
    "content_filters": [],
    "searched_paths": [
      "D:\\SoftwareDesign_Iteartion1_LocalFileSeachSystem\\src\\app\\be_django\\be_django\\searchingDir1"
    ],
    "invalid_paths": []
  },
  {
    "timestamp": "2025-05-20T17:55:40.943827",
    "query": "calculator",
    "results_count": 0,
    "content_filters": [],
    "searched_paths": [
      "D:\\SoftwareDesign_Iteartion1_LocalFileSeachSystem\\src\\app\\be_django\\be_django\\searchingDir1"
    ],
    "invalid_paths": []
  },
  {
    "timestamp": "2025-05-20T17:55:41.156210",
    "query": "calculator",
    "results_count": 0,
    "content_filters": [],
    "searched_paths": [
      "D:\\SoftwareDesign_Iteartion1_LocalFileSeachSystem\\src\\app\\be_django\\be_django\\searchingDir1"
    ],
    "invalid_paths": []
  },
  {
    "timestamp": "2025-05-20T17:57:05.189257",
    "query": "monster",
    "results_count": 0,
    "content_filters": [],
    "searched_paths": [
      "D:\\SoftwareDesign_Iteartion1_LocalFileSeachSystem\\src\\app\\be_django\\be_django\\searchingDir1"
    ],
    "invalid_paths": []
  },
  {
    "timestamp": "2025-05-20T17:57:22.904338",
    "query": "cereals",
    "results_count": 0,
    "content_filters": [],
    "searched_paths": [
      "D:\\SoftwareDesign_Iteartion1_LocalFileSeachSystem\\src\\app\\be_django\\be_django\\searchingDir1"
    ],
    "invalid_paths": []
  },
  {
    "timestamp": "2025-05-20T17:57:32.121708",
    "query": "monster",
    "results_count": 0,
    "content_filters": [],
    "searched_paths": [
      "D:\\SoftwareDesign_Iteartion1_LocalFileSeachSystem\\src\\app\\be_django\\be_django\\searchingDir1"
    ],
    "invalid_paths": []
  },
  {
    "timestamp": "2025-05-20T17:57:40.265371",
    "query": "pc",
    "results_count": 0,
    "content_filters": [],
    "searched_paths": [
      "D:\\SoftwareDesign_Iteartion1_LocalFileSeachSystem\\src\\app\\be_django\\be_django\\searchingDir1"
    ],
    "invalid_paths": []
  },
  {
    "timestamp": "2025-05-20T17:58:48.241631",
    "query": "content: pc",
    "results_count": 0,
    "content_filters": [
      "pc"
    ],
    "searched_paths": [
      "D:\\SoftwareDesign_Iteartion1_LocalFileSeachSystem\\src\\app\\be_django\\be_django\\searchingDir1"
    ],
    "invalid_paths": []
  },
  {
    "timestamp": "2025-05-20T17:58:51.025399",
    "query": "content: pc",
    "results_count": 0,
    "content_filters": [
      "pc"
    ],
    "searched_paths": [
      "D:\\SoftwareDesign_Iteartion1_LocalFileSeachSystem\\src\\app\\be_django\\be_django\\searchingDir1"
    ],
    "invalid_paths": []
  },
  {
    "timestamp": "2025-05-20T17:58:54.006279",
    "query": "content:pc",
    "results_count": 0,
    "content_filters": [
      "pc"
    ],
    "searched_paths": [
      "D:\\SoftwareDesign_Iteartion1_LocalFileSeachSystem\\src\\app\\be_django\\be_django\\searchingDir1"
    ],
    "invalid_paths": []
  },
  {
    "timestamp": "2025-05-20T17:58:57.362277",
    "query": "content:monster",
    "results_count": 0,
    "content_filters": [
      "monster"
    ],
    "searched_paths": [
      "D:\\SoftwareDesign_Iteartion1_LocalFileSeachSystem\\src\\app\\be_django\\be_django\\searchingDir1"
    ],
    "invalid_paths": []
  },
  {
    "timestamp": "2025-05-20T17:59:01.416890",
    "query": "content:cosmin",
    "results_count": 0,
    "content_filters": [
      "cosmin"
    ],
    "searched_paths": [
      "D:\\SoftwareDesign_Iteartion1_LocalFileSeachSystem\\src\\app\\be_django\\be_django\\searchingDir1"
    ],
    "invalid_paths": []
  },
  {
    "timestamp": "2025-05-20T17:59:03.381952",
    "query": "content: cosmin",
    "results_count": 0,
    "content_filters": [
      "cosmin"
    ],
    "searched_paths": [
      "D:\\SoftwareDesign_Iteartion1_LocalFileSeachSystem\\src\\app\\be_django\\be_django\\searchingDir1"
    ],
    "invalid_paths": []
  },
  {
    "timestamp": "2025-05-20T17:59:04.292539",
    "query": "content: cosmin",
    "results_count": 0,
    "content_filters": [
      "cosmin"
    ],
    "searched_paths": [
      "D:\\SoftwareDesign_Iteartion1_LocalFileSeachSystem\\src\\app\\be_django\\be_django\\searchingDir1"
    ],
    "invalid_paths": []
  },
  {
    "timestamp": "2025-05-20T17:59:04.434068",
    "query": "content: cosmin",
    "results_count": 0,
    "content_filters": [
      "cosmin"
    ],
    "searched_paths": [
      "D:\\SoftwareDesign_Iteartion1_LocalFileSeachSystem\\src\\app\\be_django\\be_django\\searchingDir1"
    ],
    "invalid_paths": []
  },
  {
    "timestamp": "2025-05-20T17:59:15.510901",
    "query": "cosmin",
    "results_count": 1,
    "content_filters": [],
    "searched_paths": [
      "D:\\SoftwareDesign_Iteartion1_LocalFileSeachSystem\\src\\app\\be_django\\be_django\\searchingDir1"
    ],
    "invalid_paths": []
  },
  {
    "timestamp": "2025-05-20T17:59:18.704937",
    "query": "cosmin",
    "results_count": 1,
    "content_filters": [],
    "searched_paths": [
      "D:\\SoftwareDesign_Iteartion1_LocalFileSeachSystem\\src\\app\\be_django\\be_django\\searchingDir1"
    ],
    "invalid_paths": []
  },
  {
    "timestamp": "2025-05-20T18:00:17.500480",
    "query": "cosmin",
    "results_count": 1,
    "content_filters": [],
    "searched_paths": [
      "D:\\SoftwareDesign_Iteartion1_LocalFileSeachSystem\\src\\app\\be_django\\be_django\\searchingDir1"
    ],
    "invalid_paths": []
  },
  {
    "timestamp": "2025-05-20T18:00:20.336972",
    "query": "cosmin",
    "results_count": 1,
    "content_filters": [],
    "searched_paths": [
      "D:\\SoftwareDesign_Iteartion1_LocalFileSeachSystem\\src\\app\\be_django\\be_django\\searchingDir1"
    ],
    "invalid_paths": []
  },
  {
    "timestamp": "2025-05-20T18:04:20.932874",
    "query": "cosmin",
    "results_count": 1,
    "content_filters": [],
    "searched_paths": [
      "D:\\SoftwareDesign_Iteartion1_LocalFileSeachSystem\\src\\app\\be_django\\be_django\\searchingDir1"
    ],
    "invalid_paths": []
  },
  {
    "timestamp": "2025-05-20T18:04:26.515354",
    "query": "cosmin",
    "results_count": 1,
    "content_filters": [],
    "searched_paths": [
      "D:\\SoftwareDesign_Iteartion1_LocalFileSeachSystem\\src\\app\\be_django\\be_django\\searchingDir1"
    ],
    "invalid_paths": []
  },
  {
    "timestamp": "2025-05-20T18:04:36.453416",
    "query": "monster",
    "results_count": 0,
    "content_filters": [],
    "searched_paths": [
      "D:\\SoftwareDesign_Iteartion1_LocalFileSeachSystem\\src\\app\\be_django\\be_django\\searchingDir1"
    ],
    "invalid_paths": []
  },
  {
    "timestamp": "2025-05-20T18:04:42.055049",
    "query": "cereals",
    "results_count": 0,
    "content_filters": [],
    "searched_paths": [
      "D:\\SoftwareDesign_Iteartion1_LocalFileSeachSystem\\src\\app\\be_django\\be_django\\searchingDir1"
    ],
    "invalid_paths": []
  },
  {
    "timestamp": "2025-05-20T18:04:58.805349",
    "query": "path: D:\\SoftwareDesign_Iteartion1_LocalFileSeachSystem\\src\\app\\be_django\\be_django\\searchingDir2",
    "results_count": 0,
    "content_filters": [],
    "searched_paths": [
      "D:\\SoftwareDesign_Iteartion1_LocalFileSeachSystem\\src\\app\\be_django\\be_django\\searchingDir1"
    ],
    "invalid_paths": []
  },
  {
    "timestamp": "2025-05-20T18:05:01.828991",
    "query": "path:D:\\SoftwareDesign_Iteartion1_LocalFileSeachSystem\\src\\app\\be_django\\be_django\\searchingDir2",
    "results_count": 7,
    "content_filters": [],
    "searched_paths": [
      "D:\\SoftwareDesign_Iteartion1_LocalFileSeachSystem\\src\\app\\be_django\\be_django\\searchingDir2"
    ],
    "invalid_paths": []
  },
  {
    "timestamp": "2025-05-20T18:05:10.386177",
    "query": "path:D:\\SoftwareDesign_Iteartion1_LocalFileSeachSystem\\src\\app\\be_django\\be_django\\searchingDir2 content: file10",
    "results_count": 0,
    "content_filters": [
      "file10"
    ],
    "searched_paths": [
      "D:\\SoftwareDesign_Iteartion1_LocalFileSeachSystem\\src\\app\\be_django\\be_django\\searchingDir2"
    ],
    "invalid_paths": []
  },
  {
    "timestamp": "2025-05-20T18:05:14.325239",
    "query": "path:D:\\SoftwareDesign_Iteartion1_LocalFileSeachSystem\\src\\app\\be_django\\be_django\\searchingDir2 content:file10",
    "results_count": 0,
    "content_filters": [
      "file10"
    ],
    "searched_paths": [
      "D:\\SoftwareDesign_Iteartion1_LocalFileSeachSystem\\src\\app\\be_django\\be_django\\searchingDir2"
    ],
    "invalid_paths": []
  },
  {
    "timestamp": "2025-05-20T18:05:22.695728",
    "query": "path:D:\\SoftwareDesign_Iteartion1_LocalFileSeachSystem\\src\\app\\be_django\\be_django\\searchingDir2 content:",
    "results_count": 0,
    "content_filters": [],
    "searched_paths": [
      "D:\\SoftwareDesign_Iteartion1_LocalFileSeachSystem\\src\\app\\be_django\\be_django\\searchingDir2"
    ],
    "invalid_paths": []
  },
  {
    "timestamp": "2025-05-20T18:05:26.705403",
    "query": "path:D:\\SoftwareDesign_Iteartion1_LocalFileSeachSystem\\src\\app\\be_django\\be_django\\searchingDir2",
    "results_count": 7,
    "content_filters": [],
    "searched_paths": [
      "D:\\SoftwareDesign_Iteartion1_LocalFileSeachSystem\\src\\app\\be_django\\be_django\\searchingDir2"
    ],
    "invalid_paths": []
  },
  {
    "timestamp": "2025-05-20T18:05:41.160633",
    "query": "path:D:\\SoftwareDesign_Iteartion1_LocalFileSeachSystem\\src\\app\\be_django\\be_django\\searchingDir2 content:nothing",
    "results_count": 0,
    "content_filters": [
      "nothing"
    ],
    "searched_paths": [
      "D:\\SoftwareDesign_Iteartion1_LocalFileSeachSystem\\src\\app\\be_django\\be_django\\searchingDir2"
    ],
    "invalid_paths": []
  },
  {
    "timestamp": "2025-05-20T18:05:44.971786",
    "query": "path:D:\\SoftwareDesign_Iteartion1_LocalFileSeachSystem\\src\\app\\be_django\\be_django\\searchingDir2 content: nothing",
    "results_count": 0,
    "content_filters": [
      "nothing"
    ],
    "searched_paths": [
      "D:\\SoftwareDesign_Iteartion1_LocalFileSeachSystem\\src\\app\\be_django\\be_django\\searchingDir2"
    ],
    "invalid_paths": []
  },
  {
    "timestamp": "2025-05-20T18:05:48.158837",
    "query": "path:D:\\SoftwareDesign_Iteartion1_LocalFileSeachSystem\\src\\app\\be_django\\be_django\\searchingDir2 content: nothing.txt",
    "results_count": 0,
    "content_filters": [
      "nothing.txt"
    ],
    "searched_paths": [
      "D:\\SoftwareDesign_Iteartion1_LocalFileSeachSystem\\src\\app\\be_django\\be_django\\searchingDir2"
    ],
    "invalid_paths": []
  },
  {
    "timestamp": "2025-05-20T18:05:51.279613",
    "query": "path:D:\\SoftwareDesign_Iteartion1_LocalFileSeachSystem\\src\\app\\be_django\\be_django\\searchingDir2 content:nothing.txt",
    "results_count": 0,
    "content_filters": [
      "nothing.txt"
    ],
    "searched_paths": [
      "D:\\SoftwareDesign_Iteartion1_LocalFileSeachSystem\\src\\app\\be_django\\be_django\\searchingDir2"
    ],
    "invalid_paths": []
  },
  {
    "timestamp": "2025-05-20T18:05:56.467079",
    "query": "path:D:\\SoftwareDesign_Iteartion1_LocalFileSeachSystem\\src\\app\\be_django\\be_django\\searchingDir2 content: as",
    "results_count": 0,
    "content_filters": [
      "as"
    ],
    "searched_paths": [
      "D:\\SoftwareDesign_Iteartion1_LocalFileSeachSystem\\src\\app\\be_django\\be_django\\searchingDir2"
    ],
    "invalid_paths": []
  },
  {
    "timestamp": "2025-05-20T19:02:23.750859",
    "query": "cosmin",
    "results_count": 1,
    "content_filters": [],
    "searched_paths": [
      "D:\\SoftwareDesign_Iteartion1_LocalFileSeachSystem\\src\\app\\be_django\\be_django\\searchingDir1"
    ],
    "invalid_paths": []
  },
  {
    "timestamp": "2025-05-20T19:02:30.363917",
    "query": "calculator",
    "results_count": 0,
    "content_filters": [],
    "searched_paths": [
      "D:\\SoftwareDesign_Iteartion1_LocalFileSeachSystem\\src\\app\\be_django\\be_django\\searchingDir1"
    ],
    "invalid_paths": []
  },
  {
    "timestamp": "2025-05-22T15:50:12.712224",
    "query": "calculator",
    "results_count": 0,
    "content_filters": [],
    "searched_paths": [
      "D:\\SoftwareDesign_Iteartion1_LocalFileSeachSystem\\src\\app\\be_django\\be_django\\searchingDir1"
    ],
    "invalid_paths": []
  },
  {
    "timestamp": "2025-05-22T15:50:52.945142",
    "query": "computer",
    "results_count": 0,
    "content_filters": [],
    "searched_paths": [
      "D:\\SoftwareDesign_Iteartion1_LocalFileSeachSystem\\src\\app\\be_django\\be_django\\searchingDir1"
    ],
    "invalid_paths": []
  },
  {
    "timestamp": "2025-05-22T15:50:56.705515",
    "query": "pc",
    "results_count": 0,
    "content_filters": [],
    "searched_paths": [
      "D:\\SoftwareDesign_Iteartion1_LocalFileSeachSystem\\src\\app\\be_django\\be_django\\searchingDir1"
    ],
    "invalid_paths": []
  },
  {
    "timestamp": "2025-05-22T15:51:00.000627",
    "query": "monster",
    "results_count": 0,
    "content_filters": [],
    "searched_paths": [
      "D:\\SoftwareDesign_Iteartion1_LocalFileSeachSystem\\src\\app\\be_django\\be_django\\searchingDir1"
    ],
    "invalid_paths": []
  },
  {
    "timestamp": "2025-05-22T15:51:23.757840",
    "query": "monster",
    "results_count": 0,
    "content_filters": [],
    "searched_paths": [
      "D:\\SoftwareDesign_Iteartion1_LocalFileSeachSystem\\src\\app\\be_django\\be_django\\searchingDir1"
    ],
    "invalid_paths": []
  },
  {
    "timestamp": "2025-05-22T15:51:31.332444",
    "query": "washing machine",
    "results_count": 0,
    "content_filters": [],
    "searched_paths": [
      "D:\\SoftwareDesign_Iteartion1_LocalFileSeachSystem\\src\\app\\be_django\\be_django\\searchingDir1"
    ],
    "invalid_paths": []
  },
  {
    "timestamp": "2025-05-22T17:37:36.181080",
    "query": "path: D:\\SoftwareDesign_Iteartion1_LocalFileSeachSystem\\src\\app\\be_django\\be_django\\searchingDir1",
    "results_count": 0,
    "content_filters": [],
    "searched_paths": [
      "D:\\SoftwareDesign_Iteartion1_LocalFileSeachSystem\\src\\app\\be_django\\be_django\\searchingDir1"
    ],
    "invalid_paths": []
  },
  {
    "timestamp": "2025-05-22T17:37:39.027288",
    "query": "path:D:\\SoftwareDesign_Iteartion1_LocalFileSeachSystem\\src\\app\\be_django\\be_django\\searchingDir1",
    "results_count": 8,
    "content_filters": [],
    "searched_paths": [
      "D:\\SoftwareDesign_Iteartion1_LocalFileSeachSystem\\src\\app\\be_django\\be_django\\searchingDir1"
    ],
    "invalid_paths": []
  },
  {
    "timestamp": "2025-05-22T17:37:48.303602",
    "query": "costl",
    "results_count": 0,
    "content_filters": [],
    "searched_paths": [
      "D:\\SoftwareDesign_Iteartion1_LocalFileSeachSystem\\src\\app\\be_django\\be_django\\searchingDir1"
    ],
    "invalid_paths": []
  },
  {
    "timestamp": "2025-05-22T17:39:01.613015",
    "query": "cosmin",
    "results_count": 1,
    "content_filters": [],
    "searched_paths": [
      "D:\\SoftwareDesign_Iteartion1_LocalFileSeachSystem\\src\\app\\be_django\\be_django\\searchingDir1"
    ],
    "invalid_paths": []
  },
  {
    "timestamp": "2025-05-22T17:39:55.517999",
    "query": "cosmyn",
    "results_count": 0,
    "content_filters": [],
    "searched_paths": [
      "D:\\SoftwareDesign_Iteartion1_LocalFileSeachSystem\\src\\app\\be_django\\be_django\\searchingDir1"
    ],
    "invalid_paths": []
  },
  {
    "timestamp": "2025-05-22T17:46:22.792215",
    "query": "cosmin.txt",
    "results_count": 4,
    "content_filters": [],
    "searched_paths": [
      "D:\\SoftwareDesign_Iteartion1_LocalFileSeachSystem\\src\\app\\be_django\\be_django\\searchingDir1"
    ],
    "invalid_paths": []
  },
  {
    "timestamp": "2025-05-22T17:46:28.822733",
    "query": "cosmin.txt",
    "results_count": 4,
    "content_filters": [],
    "searched_paths": [
      "D:\\SoftwareDesign_Iteartion1_LocalFileSeachSystem\\src\\app\\be_django\\be_django\\searchingDir1"
    ],
    "invalid_paths": []
  },
  {
    "timestamp": "2025-05-22T17:47:17.927166",
    "query": "cosmin.txt",
    "results_count": 4,
    "content_filters": [],
    "searched_paths": [
      "D:\\SoftwareDesign_Iteartion1_LocalFileSeachSystem\\src\\app\\be_django\\be_django\\searchingDir1"
    ],
    "invalid_paths": []
  },
  {
    "timestamp": "2025-05-22T17:47:23.571751",
    "query": "cosmin",
    "results_count": 1,
    "content_filters": [],
    "searched_paths": [
      "D:\\SoftwareDesign_Iteartion1_LocalFileSeachSystem\\src\\app\\be_django\\be_django\\searchingDir1"
    ],
    "invalid_paths": []
  },
  {
    "timestamp": "2025-05-22T17:47:29.311806",
    "query": "cosmin.txt",
    "results_count": 4,
    "content_filters": [],
    "searched_paths": [
      "D:\\SoftwareDesign_Iteartion1_LocalFileSeachSystem\\src\\app\\be_django\\be_django\\searchingDir1"
    ],
    "invalid_paths": []
  },
  {
    "timestamp": "2025-05-22T17:51:22.201555",
    "query": "cosmin",
    "results_count": 1,
    "content_filters": [],
    "searched_paths": [
      "D:\\SoftwareDesign_Iteartion1_LocalFileSeachSystem\\src\\app\\be_django\\be_django\\searchingDir1"
    ],
    "invalid_paths": []
  },
  {
    "timestamp": "2025-05-22T18:00:25.806243",
    "query": "cosmin",
    "results_count": 1,
    "content_filters": [],
    "searched_paths": [
      "D:\\SoftwareDesign_Iteartion1_LocalFileSeachSystem\\src\\app\\be_django\\be_django\\searchingDir1"
    ],
    "invalid_paths": []
  },
  {
    "timestamp": "2025-05-22T18:51:33.549730",
    "query": "c",
    "results_count": 0,
    "content_filters": [],
    "searched_paths": [
      "D:\\SoftwareDesign_Iteartion1_LocalFileSeachSystem\\src\\app\\be_django\\be_django\\searchingDir1"
    ],
    "invalid_paths": []
  },
  {
    "timestamp": "2025-05-22T18:51:36.317292",
    "query": "cosmin",
    "results_count": 1,
    "content_filters": [],
    "searched_paths": [
      "D:\\SoftwareDesign_Iteartion1_LocalFileSeachSystem\\src\\app\\be_django\\be_django\\searchingDir1"
    ],
    "invalid_paths": []
  },
  {
    "timestamp": "2025-05-22T18:51:45.523190",
    "query": "costel",
    "results_count": 1,
    "content_filters": [],
    "searched_paths": [
      "D:\\SoftwareDesign_Iteartion1_LocalFileSeachSystem\\src\\app\\be_django\\be_django\\searchingDir1"
    ],
    "invalid_paths": []
  },
  {
    "timestamp": "2025-05-22T18:51:50.023626",
    "query": "costel.txt",
    "results_count": 1,
    "content_filters": [],
    "searched_paths": [
      "D:\\SoftwareDesign_Iteartion1_LocalFileSeachSystem\\src\\app\\be_django\\be_django\\searchingDir1"
    ],
    "invalid_paths": []
  },
  {
    "timestamp": "2025-05-22T18:51:54.616453",
    "query": "cosmin.txt",
    "results_count": 1,
    "content_filters": [],
    "searched_paths": [
      "D:\\SoftwareDesign_Iteartion1_LocalFileSeachSystem\\src\\app\\be_django\\be_django\\searchingDir1"
    ],
    "invalid_paths": []
  },
  {
    "timestamp": "2025-05-22T23:33:32.130797",
    "query": "cosmin",
    "results_count": 1,
    "content_filters": [],
    "searched_paths": [
      "D:\\SoftwareDesign_Iteartion1_LocalFileSeachSystem\\src\\app\\be_django\\be_django\\searchingDir1"
    ],
    "invalid_paths": []
  },
  {
    "timestamp": "2025-05-22T23:33:44.805162",
    "query": "calculator",
    "results_count": 0,
    "content_filters": [],
    "searched_paths": [
      "D:\\SoftwareDesign_Iteartion1_LocalFileSeachSystem\\src\\app\\be_django\\be_django\\searchingDir1"
    ],
    "invalid_paths": []
  },
  {
    "timestamp": "2025-05-22T23:33:58.008436",
    "query": "monster",
    "results_count": 0,
    "content_filters": [],
    "searched_paths": [
      "D:\\SoftwareDesign_Iteartion1_LocalFileSeachSystem\\src\\app\\be_django\\be_django\\searchingDir1"
    ],
    "invalid_paths": []
  },
  {
    "timestamp": "2025-05-22T23:34:13.543046",
    "query": "washing machine",
    "results_count": 0,
    "content_filters": [],
    "searched_paths": [
      "D:\\SoftwareDesign_Iteartion1_LocalFileSeachSystem\\src\\app\\be_django\\be_django\\searchingDir1"
    ],
    "invalid_paths": []
  },
  {
    "timestamp": "2025-05-23T21:30:44.691867",
    "query": "calculator",
    "results_count": 0,
    "content_filters": [],
    "searched_paths": [
      "D:\\SoftwareDesign_Iteartion1_LocalFileSeachSystem\\src\\app\\be_django\\be_django\\searchingDir1"
    ],
    "invalid_paths": []
  },
  {
    "timestamp": "2025-05-23T21:31:16.809983",
    "query": "cosmin",
    "results_count": 1,
    "content_filters": [],
    "searched_paths": [
      "D:\\SoftwareDesign_Iteartion1_LocalFileSeachSystem\\src\\app\\be_django\\be_django\\searchingDir1"
    ],
    "invalid_paths": []
  },
  {
    "timestamp": "2025-05-23T21:40:52.933833",
    "query": "cosmin",
    "results_count": 1,
    "content_filters": [],
    "searched_paths": [
      "D:\\SoftwareDesign_Iteartion1_LocalFileSeachSystem\\src\\app\\be_django\\be_django\\searchingDir1"
    ],
    "invalid_paths": []
  },
  {
    "timestamp": "2025-05-23T21:58:29.738450",
    "query": "cosmin",
    "results_count": 1,
    "content_filters": [],
    "searched_paths": [
      "D:\\SoftwareDesign_Iteartion1_LocalFileSeachSystem\\src\\app\\be_django\\be_django\\searchingDir1"
    ],
    "invalid_paths": []
  },
  {
    "timestamp": "2025-05-23T21:58:58.046915",
    "query": "cosmin",
    "results_count": 1,
    "content_filters": [],
    "searched_paths": [
      "D:\\SoftwareDesign_Iteartion1_LocalFileSeachSystem\\src\\app\\be_django\\be_django\\searchingDir1"
    ],
    "invalid_paths": []
  },
  {
    "timestamp": "2025-05-23T22:00:18.267304",
    "query": "cosmin",
    "results_count": 1,
    "content_filters": [],
    "searched_paths": [
      "D:\\SoftwareDesign_Iteartion1_LocalFileSeachSystem\\src\\app\\be_django\\be_django\\searchingDir1"
    ],
    "invalid_paths": []
  },
  {
    "timestamp": "2025-05-23T22:07:03.053979",
    "query": "cosmin",
    "results_count": 1,
    "content_filters": [],
    "searched_paths": [
      "D:\\SoftwareDesign_Iteartion1_LocalFileSeachSystem\\src\\app\\be_django\\be_django\\searchingDir1"
    ],
    "invalid_paths": []
  },
  {
    "timestamp": "2025-05-23T23:37:49.070950",
    "query": "cosmin",
    "results_count": 1,
    "content_filters": [],
    "searched_paths": [
      "D:\\SoftwareDesign_Iteartion1_LocalFileSeachSystem\\src\\app\\be_django\\be_django\\searchingDir1"
    ],
    "invalid_paths": []
  },
  {
    "timestamp": "2025-05-23T23:40:28.695492",
    "query": "cosmi",
    "results_count": 0,
    "content_filters": [],
    "searched_paths": [
      "D:\\SoftwareDesign_Iteartion1_LocalFileSeachSystem\\src\\app\\be_django\\be_django\\searchingDir1"
    ],
    "invalid_paths": []
  },
  {
    "timestamp": "2025-05-23T23:40:31.919807",
    "query": "cosmin",
    "results_count": 1,
    "content_filters": [],
    "searched_paths": [
      "D:\\SoftwareDesign_Iteartion1_LocalFileSeachSystem\\src\\app\\be_django\\be_django\\searchingDir1"
    ],
    "invalid_paths": []
  },
  {
    "timestamp": "2025-05-23T23:42:27.599291",
    "query": "cosmin",
    "results_count": 1,
    "content_filters": [],
    "searched_paths": [
      "D:\\SoftwareDesign_Iteartion1_LocalFileSeachSystem\\src\\app\\be_django\\be_django\\searchingDir1"
    ],
    "invalid_paths": []
  },
  {
    "timestamp": "2025-05-23T23:53:00.854476",
    "query": "cosmin",
    "results_count": 1,
    "content_filters": [],
    "searched_paths": [
      "D:\\SoftwareDesign_Iteartion1_LocalFileSeachSystem\\src\\app\\be_django\\be_django\\searchingDir1"
    ],
    "invalid_paths": []
  },
  {
    "timestamp": "2025-05-23T23:59:44.174850",
    "query": "cosmin",
    "results_count": 1,
    "content_filters": [],
    "searched_paths": [
      "D:\\SoftwareDesign_Iteartion1_LocalFileSeachSystem\\src\\app\\be_django\\be_django\\searchingDir1"
    ],
    "invalid_paths": []
  },
  {
    "timestamp": "2025-05-23T23:59:55.388305",
    "query": "cosmin",
    "results_count": 1,
    "content_filters": [],
    "searched_paths": [
      "D:\\SoftwareDesign_Iteartion1_LocalFileSeachSystem\\src\\app\\be_django\\be_django\\searchingDir1"
    ],
    "invalid_paths": []
  },
  {
    "timestamp": "2025-05-24T00:00:16.722245",
    "query": "costel",
    "results_count": 1,
    "content_filters": [],
    "searched_paths": [
      "D:\\SoftwareDesign_Iteartion1_LocalFileSeachSystem\\src\\app\\be_django\\be_django\\searchingDir1"
    ],
    "invalid_paths": []
  },
  {
    "timestamp": "2025-05-24T00:01:36.629163",
    "query": "cosmin",
    "results_count": 1,
    "content_filters": [],
    "searched_paths": [
      "D:\\SoftwareDesign_Iteartion1_LocalFileSeachSystem\\src\\app\\be_django\\be_django\\searchingDir1"
    ],
    "invalid_paths": []
  },
  {
    "timestamp": "2025-05-24T09:55:22.207593",
    "query": "cosmin",
    "results_count": 1,
    "content_filters": [],
    "searched_paths": [
      "D:\\SoftwareDesign_Iteartion1_LocalFileSeachSystem\\src\\app\\be_django\\be_django\\searchingDir1"
    ],
    "invalid_paths": []
  },
  {
    "timestamp": "2025-05-24T09:55:44.494233",
    "query": "cosmin",
    "results_count": 1,
    "content_filters": [],
    "searched_paths": [
      "D:\\SoftwareDesign_Iteartion1_LocalFileSeachSystem\\src\\app\\be_django\\be_django\\searchingDir1"
    ],
    "invalid_paths": []
  },
  {
    "timestamp": "2025-05-24T09:56:27.923893",
    "query": "cosmin",
    "results_count": 1,
    "content_filters": [],
    "searched_paths": [
      "D:\\SoftwareDesign_Iteartion1_LocalFileSeachSystem\\src\\app\\be_django\\be_django\\searchingDir1"
    ],
    "invalid_paths": []
  },
  {
    "timestamp": "2025-05-24T10:04:58.073040",
    "query": "cosmin",
    "results_count": 1,
    "content_filters": [],
    "searched_paths": [
      "D:\\SoftwareDesign_Iteartion1_LocalFileSeachSystem\\src\\app\\be_django\\be_django\\searchingDir1"
    ],
    "invalid_paths": []
  },
  {
    "timestamp": "2025-05-24T10:05:35.303806",
    "query": "cosmin",
    "results_count": 1,
    "content_filters": [],
    "searched_paths": [
      "D:\\SoftwareDesign_Iteartion1_LocalFileSeachSystem\\src\\app\\be_django\\be_django\\searchingDir1"
    ],
    "invalid_paths": []
  },
  {
    "timestamp": "2025-05-24T10:05:40.676184",
    "query": "cosmin",
    "results_count": 0,
    "content_filters": [],
    "searched_paths": [
      "D:\\SoftwareDesign_Iteartion1_LocalFileSeachSystem\\src\\app\\be_django\\be_django\\searchingDir1"
    ],
    "invalid_paths": []
  },
  {
    "timestamp": "2025-05-24T10:05:43.855594",
    "query": "cosmin.txt",
    "results_count": 1,
    "content_filters": [],
    "searched_paths": [
      "D:\\SoftwareDesign_Iteartion1_LocalFileSeachSystem\\src\\app\\be_django\\be_django\\searchingDir1"
    ],
    "invalid_paths": []
  },
  {
    "timestamp": "2025-05-24T10:05:47.040052",
    "query": "cosmin.txt",
    "results_count": 4,
    "content_filters": [],
    "searched_paths": [
      "D:\\SoftwareDesign_Iteartion1_LocalFileSeachSystem\\src\\app\\be_django\\be_django\\searchingDir1"
    ],
    "invalid_paths": []
  },
  {
    "timestamp": "2025-05-24T10:05:52.924611",
    "query": "cosmin",
    "results_count": 1,
    "content_filters": [],
    "searched_paths": [
      "D:\\SoftwareDesign_Iteartion1_LocalFileSeachSystem\\src\\app\\be_django\\be_django\\searchingDir1"
    ],
    "invalid_paths": []
  },
  {
    "timestamp": "2025-05-24T10:06:38.334803",
    "query": "cosmin",
    "results_count": 1,
    "content_filters": [],
    "searched_paths": [
      "D:\\SoftwareDesign_Iteartion1_LocalFileSeachSystem\\src\\app\\be_django\\be_django\\searchingDir1"
    ],
    "invalid_paths": []
  },
  {
    "timestamp": "2025-05-24T10:06:58.375958",
    "query": "cosmin",
    "results_count": 1,
    "content_filters": [],
    "searched_paths": [
      "D:\\SoftwareDesign_Iteartion1_LocalFileSeachSystem\\src\\app\\be_django\\be_django\\searchingDir1"
    ],
    "invalid_paths": []
  },
  {
    "timestamp": "2025-05-24T10:07:16.363238",
    "query": "path:D:\\SoftwareDesign_Iteartion1_LocalFileSeachSystem\\src\\app\\be_django\\be_django\\searchingDir1",
    "results_count": 8,
    "content_filters": [],
    "searched_paths": [
      "D:\\SoftwareDesign_Iteartion1_LocalFileSeachSystem\\src\\app\\be_django\\be_django\\searchingDir1"
    ],
    "invalid_paths": []
  },
  {
    "timestamp": "2025-05-24T10:09:13.646125",
    "query": "path:D:\\SoftwareDesign_Iteartion1_LocalFileSeachSystem\\src\\app\\be_django\\be_django\\searchingDir1",
    "results_count": 8,
    "content_filters": [],
    "searched_paths": [
      "D:\\SoftwareDesign_Iteartion1_LocalFileSeachSystem\\src\\app\\be_django\\be_django\\searchingDir1"
    ],
    "invalid_paths": []
  },
  {
    "timestamp": "2025-05-24T10:30:10.292756",
    "query": "cosmin",
    "results_count": 1,
    "content_filters": [],
    "searched_paths": [
      "D:\\SoftwareDesign_Iteartion1_LocalFileSeachSystem\\src\\app\\be_django\\be_django\\searchingDir1"
    ],
    "invalid_paths": []
  },
  {
    "timestamp": "2025-05-24T10:31:59.416017",
    "query": "cosmin",
    "results_count": 1,
    "content_filters": [],
    "searched_paths": [
      "D:\\SoftwareDesign_Iteartion1_LocalFileSeachSystem\\src\\app\\be_django\\be_django\\searchingDir1"
    ],
    "invalid_paths": []
  },
  {
    "timestamp": "2025-05-24T10:32:11.652344",
    "query": "cosmin",
    "results_count": 1,
    "content_filters": [],
    "searched_paths": [
      "D:\\SoftwareDesign_Iteartion1_LocalFileSeachSystem\\src\\app\\be_django\\be_django\\searchingDir1"
    ],
    "invalid_paths": []
  },
  {
    "timestamp": "2025-05-24T10:32:39.529624",
    "query": "path:D:\\SoftwareDesign_Iteartion1_LocalFileSeachSystem\\src\\app\\be_django\\be_django\\searchingDir1",
    "results_count": 8,
    "content_filters": [],
    "searched_paths": [
      "D:\\SoftwareDesign_Iteartion1_LocalFileSeachSystem\\src\\app\\be_django\\be_django\\searchingDir1"
    ],
    "invalid_paths": []
  },
  {
    "timestamp": "2025-05-24T10:36:29.995128",
    "query": "path:D:\\SoftwareDesign_Iteartion1_LocalFileSeachSystem\\src\\app\\be_django\\be_django\\searchingDir1",
    "results_count": 8,
    "content_filters": [],
    "searched_paths": [
      "D:\\SoftwareDesign_Iteartion1_LocalFileSeachSystem\\src\\app\\be_django\\be_django\\searchingDir1"
    ],
    "invalid_paths": []
  },
  {
    "timestamp": "2025-05-24T10:37:04.948633",
    "query": "path:D:\\SoftwareDesign_Iteartion1_LocalFileSeachSystem\\src\\app\\be_django\\be_django\\searchingDir1",
    "results_count": 8,
    "content_filters": [],
    "searched_paths": [
      "D:\\SoftwareDesign_Iteartion1_LocalFileSeachSystem\\src\\app\\be_django\\be_django\\searchingDir1"
    ],
    "invalid_paths": []
  },
  {
    "timestamp": "2025-05-24T10:37:16.510582",
    "query": "path:D:\\SoftwareDesign_Iteartion1_LocalFileSeachSystem\\src\\app\\be_django\\be_django\\searchingDir1",
    "results_count": 8,
    "content_filters": [],
    "searched_paths": [
      "D:\\SoftwareDesign_Iteartion1_LocalFileSeachSystem\\src\\app\\be_django\\be_django\\searchingDir1"
    ],
    "invalid_paths": []
  },
  {
    "timestamp": "2025-05-24T10:39:28.179502",
    "query": "path:D:\\SoftwareDesign_Iteartion1_LocalFileSeachSystem\\src\\app\\be_django\\be_django\\searchingDir1",
    "results_count": 9,
    "content_filters": [],
    "searched_paths": [
      "D:\\SoftwareDesign_Iteartion1_LocalFileSeachSystem\\src\\app\\be_django\\be_django\\searchingDir1"
    ],
    "invalid_paths": []
  },
  {
    "timestamp": "2025-05-24T10:40:02.425127",
    "query": "path:D:\\SoftwareDesign_Iteartion1_LocalFileSeachSystem\\src\\app\\be_django\\be_django\\searchingDir1",
    "results_count": 9,
    "content_filters": [],
    "searched_paths": [
      "D:\\SoftwareDesign_Iteartion1_LocalFileSeachSystem\\src\\app\\be_django\\be_django\\searchingDir1"
    ],
    "invalid_paths": []
  },
  {
    "timestamp": "2025-05-24T10:41:27.834124",
    "query": "path:D:\\SoftwareDesign_Iteartion1_LocalFileSeachSystem\\src\\app\\be_django\\be_django\\searchingDir1",
    "results_count": 9,
    "content_filters": [],
    "searched_paths": [
      "D:\\SoftwareDesign_Iteartion1_LocalFileSeachSystem\\src\\app\\be_django\\be_django\\searchingDir1"
    ],
    "invalid_paths": []
  },
  {
    "timestamp": "2025-05-24T10:43:55.548765",
    "query": "cosmin",
    "results_count": 1,
    "content_filters": [],
    "searched_paths": [
      "D:\\SoftwareDesign_Iteartion1_LocalFileSeachSystem\\src\\app\\be_django\\be_django\\searchingDir1"
    ],
    "invalid_paths": []
  },
  {
    "timestamp": "2025-05-24T11:17:44.502032",
    "query": "cosmin",
    "results_count": 1,
    "content_filters": [],
    "searched_paths": [
      "D:\\SoftwareDesign_Iteartion1_LocalFileSeachSystem\\src\\app\\be_django\\be_django\\searchingDir1"
    ],
    "invalid_paths": []
  },
  {
    "timestamp": "2025-05-24T11:17:58.666792",
    "query": "path:D:\\SoftwareDesign_Iteartion1_LocalFileSeachSystem\\src\\app\\be_django\\be_django\\searchingDir1",
    "results_count": 9,
    "content_filters": [],
    "searched_paths": [
      "D:\\SoftwareDesign_Iteartion1_LocalFileSeachSystem\\src\\app\\be_django\\be_django\\searchingDir1"
    ],
    "invalid_paths": []
  },
  {
    "timestamp": "2025-05-24T11:25:47.561956",
    "query": "cosmin",
    "results_count": 1,
    "content_filters": [],
    "searched_paths": [
      "D:\\SoftwareDesign_Iteartion1_LocalFileSeachSystem\\src\\app\\be_django\\be_django\\searchingDir1"
    ],
    "invalid_paths": []
  },
  {
    "timestamp": "2025-05-24T11:26:17.644125",
    "query": "path:D:\\SoftwareDesign_Iteartion1_LocalFileSeachSystem\\src\\app\\be_django\\be_django\\searchingDir1",
    "results_count": 9,
    "content_filters": [],
    "searched_paths": [
      "D:\\SoftwareDesign_Iteartion1_LocalFileSeachSystem\\src\\app\\be_django\\be_django\\searchingDir1"
    ],
    "invalid_paths": []
  },
  {
    "timestamp": "2025-05-24T11:33:08.184475",
    "query": "path:D:\\SoftwareDesign_Iteartion1_LocalFileSeachSystem\\src\\app\\be_django\\be_django\\searchingDir1",
    "results_count": 10,
    "content_filters": [],
    "searched_paths": [
      "D:\\SoftwareDesign_Iteartion1_LocalFileSeachSystem\\src\\app\\be_django\\be_django\\searchingDir1"
    ],
    "invalid_paths": []
  },
  {
    "timestamp": "2025-05-24T11:33:57.922530",
    "query": "path:D:\\SoftwareDesign_Iteartion1_LocalFileSeachSystem\\src\\app\\be_django\\be_django\\searchingDir1",
    "results_count": 10,
    "content_filters": [],
    "searched_paths": [
      "D:\\SoftwareDesign_Iteartion1_LocalFileSeachSystem\\src\\app\\be_django\\be_django\\searchingDir1"
    ],
    "invalid_paths": []
  },
  {
    "timestamp": "2025-05-24T11:34:21.794541",
    "query": "path:D:\\SoftwareDesign_Iteartion1_LocalFileSeachSystem\\src\\app\\be_django\\be_django\\searchingDir1",
    "results_count": 10,
    "content_filters": [],
    "searched_paths": [
      "D:\\SoftwareDesign_Iteartion1_LocalFileSeachSystem\\src\\app\\be_django\\be_django\\searchingDir1"
    ],
    "invalid_paths": []
  }
]